<?xml version="1.0" encoding="UTF-8"?>
<!-- Generated by org.testng.reporters.JUnitXMLReporter -->
<testsuite hostname="DESKTOP-OEJR8N7" ignored="0" name="Test" tests="4" failures="0" timestamp="2022-02-25T17:32:38 IST" time="112.736" errors="0">
  <testcase name="openFb" time="78.164" classname="com.TestNg.parallel_Ng"/>
  <testcase name="openAmazon" time="104.492" classname="com.TestNg.parallel_Ng"/>
  <testcase name="openMyntra" time="110.694" classname="com.TestNg.parallel_Ng"/>
  <testcase name="openFlip" time="112.504" classname="com.TestNg.parallel_Ng"/>
</testsuite> <!-- Test -->
